<?xml version="1.0" encoding="UTF-8"?>
<TestRun id="89d294ad-7cd9-45f9-8636-1fe093e739b8" name="Apostol@APOSTOL-PC 2014-05-08 15:56:34" runUser="Apostol-PC\Apostol" xmlns="http://microsoft.com/schemas/VisualStudio/TeamTest/2010">
  <TestSettings name="Local" id="51ebad3e-be48-434c-b7c1-bcf2fca19ab5">
    <Description>These are default test settings for a local test run.</Description>
    <Execution>
      <TestTypeSpecific />
      <AgentRule name="Execution Agents">
      </AgentRule>
    </Execution>
    <Deployment runDeploymentRoot="Apostol_APOSTOL-PC 2014-05-08 15_56_34" />
  </TestSettings>
  <Times creation="2014-05-08T15:56:34.9648393+03:00" queuing="2014-05-08T15:56:39.8401181+03:00" start="2014-05-08T15:56:40.4631538+03:00" finish="2014-05-08T15:56:41.4532104+03:00" />
  <ResultSummary outcome="Completed">
    <Counters total="1" executed="1" passed="1" error="0" failed="0" timeout="0" aborted="0" inconclusive="0" passedButRunAborted="0" notRunnable="0" notExecuted="0" disconnected="0" warning="0" completed="0" inProgress="0" pending="0" />
  </ResultSummary>
  <TestDefinitions>
    <WebTest name="WebTest1" storage="d:\excite\photographyproject\webandloadtest\webtest1.webtest" id="233e32fe-9cea-47cd-92ab-efa1a4154a29" persistedWebTest="77u/PD94bWwgdmVyc2lvbj0iMS4wIiBlbmNvZGluZz0iVVRGLTgiIHN0YW5kYWxvbmU9InllcyI/Pg0KPFdlYlRlc3QgTmFtZT0iV2ViVGVzdDEiIElkPSIyMzNlMzJmZS05Y2VhLTQ3Y2QtOTJhYi1lZmExYTQxNTRhMjkiIE93bmVyPSIiIFByaW9yaXR5PSIyMTQ3NDgzNjQ3IiBFbmFibGVkPSJUcnVlIiBDc3NQcm9qZWN0U3RydWN0dXJlPSIiIENzc0l0ZXJhdGlvbj0iIiBUaW1lb3V0PSIwIiBXb3JrSXRlbUlkcz0iIiB4bWxucz0iaHR0cDovL21pY3Jvc29mdC5jb20vc2NoZW1hcy9WaXN1YWxTdHVkaW8vVGVhbVRlc3QvMjAxMCIgRGVzY3JpcHRpb249IiIgQ3JlZGVudGlhbFVzZXJOYW1lPSIiIENyZWRlbnRpYWxQYXNzd29yZD0iIiBQcmVBdXRoZW50aWNhdGU9IlRydWUiIFByb3h5PSIiIFN0b3BPbkVycm9yPSJGYWxzZSIgUmVjb3JkZWRSZXN1bHRGaWxlPSIiIC8+">
      <Execution id="529393e1-a8d3-43a6-ad63-100c423a209b" />
    </WebTest>
  </TestDefinitions>
  <TestLists>
    <TestList name="Results Not in a List" id="8c84fa94-04c1-424b-9868-57a2d4851a1d" />
    <TestList name="All Loaded Results" id="19431567-8539-422a-85d7-44ee4e166bda" />
  </TestLists>
  <TestEntries>
    <TestEntry isTransparent="false" testId="233e32fe-9cea-47cd-92ab-efa1a4154a29" executionId="529393e1-a8d3-43a6-ad63-100c423a209b" testListId="8c84fa94-04c1-424b-9868-57a2d4851a1d" />
  </TestEntries>
  <Results>
    <WebTestResult executionId="529393e1-a8d3-43a6-ad63-100c423a209b" testId="233e32fe-9cea-47cd-92ab-efa1a4154a29" testName="WebTest1" computerName="APOSTOL-PC" duration="00:00:00.0074190" startTime="2014-05-08T15:56:40.5561591+03:00" endTime="2014-05-08T15:56:41.0411868+03:00" testType="4e7599fa-5ecb-43e9-a887-cd63cf72d207" outcome="Passed" testListId="8c84fa94-04c1-424b-9868-57a2d4851a1d" relativeResultsDirectory="529393e1-a8d3-43a6-ad63-100c423a209b">
      <ResultFiles>
        <ResultFile path="WebTest1.webtestResult" />
      </ResultFiles>
      <TestSettings name="Local" id="51ebad3e-be48-434c-b7c1-bcf2fca19ab5">
        <Description>These are default test settings for a local test run.</Description>
        <Execution>
          <TestTypeSpecific>
            <WebTestRunConfiguration testTypeId="4e7599fa-5ecb-43e9-a887-cd63cf72d207">
              <Browser name="Internet Explorer 9.0" MaxConnections="6">
                <Headers>
                  <Header name="User-Agent" value="Mozilla/5.0 (compatible; MSIE 9.0; Windows NT 6.1; Trident/5.0)" />
                  <Header name="Accept" value="*/*" />
                  <Header name="Accept-Language" value="{{$IEAcceptLanguage}}" />
                  <Header name="Accept-Encoding" value="GZIP" />
                </Headers>
              </Browser>
            </WebTestRunConfiguration>
          </TestTypeSpecific>
          <AgentRule name="Execution Agents">
          </AgentRule>
        </Execution>
        <Deployment runDeploymentRoot="Apostol_APOSTOL-PC 2014-05-08 15_56_34" />
      </TestSettings>
      <WebTestResultFilePath>Apostol_APOSTOL-PC 2014-05-08 15_56_34\In\529393e1-a8d3-43a6-ad63-100c423a209b\WebTest1.webtestResult</WebTestResultFilePath>
    </WebTestResult>
  </Results>
</TestRun>